  main.cpp
D:\uni\CGCourse2025\src\progettoCARousel\3dparty\nanosvg\src\nanosvg.h(1251,24): warning C4244: '=': conversione da 'double' a 'float'. Possibile perdita di dati.
  (compilazione del file di origine 'main.cpp')
  
D:\uni\CGCourse2025\src\progettoCARousel\3dparty\nanosvg\src\nanosvg.h(1273,20): warning C4244: '=': conversione da 'float' a 'unsigned int'. Possibile perdita di dati.
  (compilazione del file di origine 'main.cpp')
  
D:\uni\CGCourse2025\src\progettoCARousel\3dparty\nanosvg\src\nanosvg.h(1274,20): warning C4244: '=': conversione da 'float' a 'unsigned int'. Possibile perdita di dati.
  (compilazione del file di origine 'main.cpp')
  
D:\uni\CGCourse2025\src\progettoCARousel\3dparty\nanosvg\src\nanosvg.h(1275,20): warning C4244: '=': conversione da 'float' a 'unsigned int'. Possibile perdita di dati.
  (compilazione del file di origine 'main.cpp')
  
D:\uni\CGCourse2025\src\progettoCARousel\3dparty\nanosvg\src\nanosvg.h(1473,12): warning C4244: 'inizializzazione': conversione da 'double' a 'float'. Possibile perdita di dati.
  (compilazione del file di origine 'main.cpp')
  
D:\uni\CGCourse2025\src\progettoCARousel\3dparty\nanosvg\src\nanosvg.h(1481,12): warning C4244: 'inizializzazione': conversione da 'double' a 'float'. Possibile perdita di dati.
  (compilazione del file di origine 'main.cpp')
  
D:\uni\CGCourse2025\src\progettoCARousel\3dparty\nanosvg\src\nanosvg.h(1523,26): warning C4244: '=': conversione da 'double' a 'float'. Possibile perdita di dati.
  (compilazione del file di origine 'main.cpp')
  
D:\uni\CGCourse2025\src\progettoCARousel\3dparty\nanosvg\src\nanosvg.h(2597,29): warning C4244: '=': conversione da 'double' a 'float'. Possibile perdita di dati.
  (compilazione del file di origine 'main.cpp')
  
D:\uni\CGCourse2025\src\progettoCARousel\3dparty\nanosvg\src\nanosvg.h(2601,29): warning C4244: '=': conversione da 'double' a 'float'. Possibile perdita di dati.
  (compilazione del file di origine 'main.cpp')
  
D:\uni\CGCourse2025\src\progettoCARousel\3dparty\nanosvg\src\nanosvg.h(2605,30): warning C4244: '=': conversione da 'double' a 'float'. Possibile perdita di dati.
  (compilazione del file di origine 'main.cpp')
  
D:\uni\CGCourse2025\src\progettoCARousel\3dparty\nanosvg\src\nanosvg.h(2609,31): warning C4244: '=': conversione da 'double' a 'float'. Possibile perdita di dati.
  (compilazione del file di origine 'main.cpp')
  
D:\uni\CGCourse2025\src\progettoCARousel\3dparty\nanosvg\src\nanosvgrast.h(334,65): warning C4244: 'argomento': conversione da 'double' a 'float'. Possibile perdita di dati.
  (compilazione del file di origine 'main.cpp')
  
D:\uni\CGCourse2025\src\progettoCARousel\3dparty\nanosvg\src\nanosvgrast.h(334,82): warning C4244: 'argomento': conversione da 'double' a 'float'. Possibile perdita di dati.
  (compilazione del file di origine 'main.cpp')
  
C:\Program Files (x86)\Windows Kits\10\Include\10.0.22621.0\shared\minwindef.h(130,9): warning C4005: 'APIENTRY': ridefinizione macro
  (compilazione del file di origine 'main.cpp')
      D:\uni\CGCourse2025\3rdparty\glfw\include\GLFW\glfw3.h(123,11):
      vedi la precedente definizione di 'APIENTRY'
  
D:\uni\CGCourse2025\3rdparty\tinygltf\tiny_gltf.h(3037,17): warning C4018: '>=': errata corrispondenza tra signed e unsigned
  (compilazione del file di origine 'main.cpp')
  
D:\uni\CGCourse2025\3rdparty\tinygltf\tiny_gltf.h(3132,17): warning C4018: '>=': errata corrispondenza tra signed e unsigned
  (compilazione del file di origine 'main.cpp')
  
D:\uni\CGCourse2025\3rdparty\tinygltf\tiny_gltf.h(5185,59): warning C4267: 'argomento': conversione da 'size_t' a 'int'. Possibile perdita di dati.
  (compilazione del file di origine 'main.cpp')
  
D:\uni\CGCourse2025\src\progettoCARousel\common\gltf_loader.h(256,59): warning C4267: 'argomento': conversione da 'size_t' a 'int'. Possibile perdita di dati.
  (compilazione del file di origine 'main.cpp')
  
D:\uni\CGCourse2025\src\progettoCARousel\carousel_augment.h(45,20): warning C4267: 'inizializzazione': conversione da 'size_t' a 'unsigned int'. Possibile perdita di dati.
  (compilazione del file di origine 'main.cpp')
  
D:\uni\CGCourse2025\src\progettoCARousel\carousel_augment.h(77,43): warning C4244: '=': conversione da 'double' a '_Ty'. Possibile perdita di dati.
D:\uni\CGCourse2025\src\progettoCARousel\carousel_augment.h(77,43): warning C4244:         with
D:\uni\CGCourse2025\src\progettoCARousel\carousel_augment.h(77,43): warning C4244:         [
D:\uni\CGCourse2025\src\progettoCARousel\carousel_augment.h(77,43): warning C4244:             _Ty=float
D:\uni\CGCourse2025\src\progettoCARousel\carousel_augment.h(77,43): warning C4244:         ]
  (compilazione del file di origine 'main.cpp')
  
D:\uni\CGCourse2025\src\progettoCARousel\carousel_augment.h(78,47): warning C4244: '=': conversione da 'double' a '_Ty'. Possibile perdita di dati.
D:\uni\CGCourse2025\src\progettoCARousel\carousel_augment.h(78,47): warning C4244:         with
D:\uni\CGCourse2025\src\progettoCARousel\carousel_augment.h(78,47): warning C4244:         [
D:\uni\CGCourse2025\src\progettoCARousel\carousel_augment.h(78,47): warning C4244:             _Ty=float
D:\uni\CGCourse2025\src\progettoCARousel\carousel_augment.h(78,47): warning C4244:         ]
  (compilazione del file di origine 'main.cpp')
  
D:\uni\CGCourse2025\src\progettoCARousel\carousel_augment.h(124,23): warning C4267: 'inizializzazione': conversione da 'size_t' a 'unsigned int'. Possibile perdita di dati.
  (compilazione del file di origine 'main.cpp')
  
D:\uni\CGCourse2025\src\progettoCARousel\carousel_augment.h(145,83): warning C4267: 'argomento': conversione da 'size_t' a 'int'. Possibile perdita di dati.
  (compilazione del file di origine 'main.cpp')
  
D:\uni\CGCourse2025\src\progettoCARousel\carousel_augment.h(149,89): warning C4267: 'argomento': conversione da 'size_t' a 'unsigned int'. Possibile perdita di dati.
  (compilazione del file di origine 'main.cpp')
  
D:\uni\CGCourse2025\src\progettoCARousel\carousel_augment.h(162,95): warning C4267: 'argomento': conversione da 'size_t' a 'unsigned int'. Possibile perdita di dati.
  (compilazione del file di origine 'main.cpp')
  
D:\uni\CGCourse2025\src\progettoCARousel\camera_controls.h(116,20): warning C4244: 'inizializzazione': conversione da 'double' a 'float'. Possibile perdita di dati.
  (compilazione del file di origine 'main.cpp')
  
D:\uni\CGCourse2025\src\progettoCARousel\camera_controls.h(117,20): warning C4244: 'inizializzazione': conversione da 'double' a 'float'. Possibile perdita di dati.
  (compilazione del file di origine 'main.cpp')
  
D:\uni\CGCourse2025\src\progettoCARousel\transformations.h(40,20): warning C4056: overflow durante operazioni aritmetiche su costanti in virgola mobile
  (compilazione del file di origine 'main.cpp')
  
D:\uni\CGCourse2025\src\progettoCARousel\transformations.h(78,59): warning C4305: 'argomento': troncamento da 'double' a 'T'
D:\uni\CGCourse2025\src\progettoCARousel\transformations.h(78,59): warning C4305:         with
D:\uni\CGCourse2025\src\progettoCARousel\transformations.h(78,59): warning C4305:         [
D:\uni\CGCourse2025\src\progettoCARousel\transformations.h(78,59): warning C4305:             T=float
D:\uni\CGCourse2025\src\progettoCARousel\transformations.h(78,59): warning C4305:         ]
  (compilazione del file di origine 'main.cpp')
  
D:\uni\CGCourse2025\src\progettoCARousel\transformations.h(114,63): warning C4305: 'argomento': troncamento da 'double' a 'T'
D:\uni\CGCourse2025\src\progettoCARousel\transformations.h(114,63): warning C4305:         with
D:\uni\CGCourse2025\src\progettoCARousel\transformations.h(114,63): warning C4305:         [
D:\uni\CGCourse2025\src\progettoCARousel\transformations.h(114,63): warning C4305:             T=float
D:\uni\CGCourse2025\src\progettoCARousel\transformations.h(114,63): warning C4305:         ]
  (compilazione del file di origine 'main.cpp')
  
D:\uni\CGCourse2025\src\progettoCARousel\projector.h(143,26): warning C4305: 'inizializzazione': troncamento da 'double' a 'float'
  (compilazione del file di origine 'main.cpp')
  
D:\uni\CGCourse2025\src\progettoCARousel\projector.h(144,25): warning C4305: 'inizializzazione': troncamento da 'double' a 'float'
  (compilazione del file di origine 'main.cpp')
  
D:\uni\CGCourse2025\src\progettoCARousel\lamps.h(59,31): warning C4267: '=': conversione da 'size_t' a 'unsigned int'. Possibile perdita di dati.
  (compilazione del file di origine 'main.cpp')
  
D:\uni\CGCourse2025\src\progettoCARousel\main.cpp(75,22): warning C4244: 'inizializzazione': conversione da 'double' a 'float'. Possibile perdita di dati.
D:\uni\CGCourse2025\src\progettoCARousel\main.cpp(76,27): warning C4244: 'inizializzazione': conversione da 'double' a 'float'. Possibile perdita di dati.
D:\uni\CGCourse2025\src\progettoCARousel\main.cpp(95,23): warning C4305: 'inizializzazione': troncamento da 'double' a 'float'
D:\uni\CGCourse2025\src\progettoCARousel\main.cpp(193,24): warning C4244: 'inizializzazione': conversione da 'double' a 'float'. Possibile perdita di dati.
D:\uni\CGCourse2025\src\progettoCARousel\main.cpp(304,26): warning C4305: 'argomento': troncamento da 'double' a 'GLfloat'
D:\uni\CGCourse2025\src\progettoCARousel\main.cpp(304,21): warning C4305: 'argomento': troncamento da 'double' a 'GLfloat'
D:\uni\CGCourse2025\src\progettoCARousel\main.cpp(617,30): warning C4838: la conversione da 'unsigned __int64' a 'int' richiede una conversione che supporta un minor numero di dati
D:\uni\CGCourse2025\src\progettoCARousel\main.cpp(617,30): warning C4267: 'inizializzazione': conversione da 'size_t' a 'int'. Possibile perdita di dati.
D:\uni\CGCourse2025\src\progettoCARousel\main.cpp(618,49): warning C4838: la conversione da 'unsigned __int64' a 'int' richiede una conversione che supporta un minor numero di dati
D:\uni\CGCourse2025\src\progettoCARousel\main.cpp(618,49): warning C4267: 'inizializzazione': conversione da 'size_t' a 'int'. Possibile perdita di dati.
D:\uni\CGCourse2025\src\progettoCARousel\main.cpp(706,52): warning C4244: 'argomento': conversione da 'double' a 'GLfloat'. Possibile perdita di dati.
D:\uni\CGCourse2025\src\progettoCARousel\main.cpp(707,49): warning C4244: 'argomento': conversione da 'double' a 'GLfloat'. Possibile perdita di dati.
D:\uni\CGCourse2025\src\progettoCARousel\main.cpp(708,50): warning C4244: 'argomento': conversione da 'double' a 'GLfloat'. Possibile perdita di dati.
D:\uni\CGCourse2025\src\progettoCARousel\main.cpp(709,55): warning C4244: 'argomento': conversione da 'double' a 'GLfloat'. Possibile perdita di dati.
D:\uni\CGCourse2025\3rdparty\glm\include\glm\detail\type_vec3.inl(292,108): warning C4244: 'argomento': conversione da 'U' a 'T'. Possibile perdita di dati.
D:\uni\CGCourse2025\3rdparty\glm\include\glm\detail\type_vec3.inl(292,108): warning C4244:         with
D:\uni\CGCourse2025\3rdparty\glm\include\glm\detail\type_vec3.inl(292,108): warning C4244:         [
D:\uni\CGCourse2025\3rdparty\glm\include\glm\detail\type_vec3.inl(292,108): warning C4244:             U=int
D:\uni\CGCourse2025\3rdparty\glm\include\glm\detail\type_vec3.inl(292,108): warning C4244:         ]
D:\uni\CGCourse2025\3rdparty\glm\include\glm\detail\type_vec3.inl(292,108): warning C4244:         and
D:\uni\CGCourse2025\3rdparty\glm\include\glm\detail\type_vec3.inl(292,108): warning C4244:         [
D:\uni\CGCourse2025\3rdparty\glm\include\glm\detail\type_vec3.inl(292,108): warning C4244:             T=float
D:\uni\CGCourse2025\3rdparty\glm\include\glm\detail\type_vec3.inl(292,108): warning C4244:         ]
  (compilazione del file di origine 'main.cpp')
      D:\uni\CGCourse2025\3rdparty\glm\include\glm\detail\type_vec3.inl(292,108):
      il contesto di creazione dell'istanza del modello (prima il meno recente) è
          D:\uni\CGCourse2025\src\progettoCARousel\common\simple_shapes.h(98,12):
          vedere il riferimento all'istanza 'glm::vec<3,float,glm::packed_highp> &glm::vec<3,float,glm::packed_highp>::operator /=<_Ty>(U)' della funzione modello di cui è in corso la compilazione
          with
          [
              _Ty=int,
              U=int
          ]
              D:\uni\CGCourse2025\src\progettoCARousel\common\simple_shapes.h(98,12):
              vedere il primo riferimento a 'glm::vec<3,float,glm::packed_highp>::operator /=' in 'shape::compute_tangent_space'
  
D:\uni\CGCourse2025\src\progettoCARousel\common\renderable.h(128,1): warning C4715: 'renderable::type_to_GL<float>': non tutti i percorsi di controllo restituiscono un valore
D:\uni\CGCourse2025\src\progettoCARousel\common\renderable.h(128,1): warning C4715: 'renderable::type_to_GL<unsigned int>': non tutti i percorsi di controllo restituiscono un valore
D:\uni\CGCourse2025\src\progettoCARousel\common\renderable.h(128,1): warning C4715: 'renderable::type_to_GL<char>': non tutti i percorsi di controllo restituiscono un valore
D:\uni\CGCourse2025\src\progettoCARousel\common\renderable.h(128,1): warning C4715: 'renderable::type_to_GL<unsigned char>': non tutti i percorsi di controllo restituiscono un valore
D:\uni\CGCourse2025\src\progettoCARousel\common\renderable.h(128,1): warning C4715: 'renderable::type_to_GL<unsigned short>': non tutti i percorsi di controllo restituiscono un valore
glew32s.lib(glew.obj) : warning LNK4099: impossibile trovare il PDB '' con 'glew32s.lib(glew.obj)' o in ''; oggetto collegato senza informazioni di debug
LINK : warning LNK4098: la libreria predefinita 'MSVCRT' è in conflitto con l'utilizzo di altre librerie; usare /NODEFAULTLIB:libreria
LINK : warning LNK4098: la libreria predefinita 'LIBCMT' è in conflitto con l'utilizzo di altre librerie; usare /NODEFAULTLIB:libreria
  progettoCARousel.vcxproj -> D:\uni\CGCourse2025\src\progettoCARousel\x64\Debug\progettoCARousel.exe
  'pwsh.exe' is not recognized as an internal or external command,
  operable program or batch file.
